Net 25
+ 55.0 48.0 96.5 48.0 1 2
+ 96.5 48.0 96.5 2.0 2 1
+ 96.5 2.0 55.0 2.0 1 1
Net 26
+ 55.0 42.0 39.0 42.0 1 1
+ 39.0 42.0 39.0 40.5 2 2
+ 39.0 40.5 9.5 40.5 3 2
+ 9.5 40.5 9.5 8.0 4 1
+ 9.5 8.0 55.0 8.0 3 2
Net 27
+ 65.0 46.0 65.0 46.5 2 2
+ 65.0 46.5 97.0 46.5 1 1
+ 97.0 46.5 97.0 4.0 2 2
+ 97.0 4.0 65.0 4.0 1 2
Net 28
+ 65.0 44.0 79.5 44.0 1 2
+ 79.5 44.0 79.5 46.5 2 1
+ 79.5 46.5 96.5 46.5 3 2
+ 96.5 46.5 96.5 6.0 4 2
+ 96.5 6.0 65.0 6.0 3 1
Net 31
+ 145.0 92.0 101.5 92.0 1 2
+ 101.5 92.0 101.5 51.5 2 2
+ 101.5 51.5 145.0 51.5 1 1
+ 145.0 51.5 145.0 52.0 2 2
Net 32
+ 145.0 98.0 190.5 98.0 1 2
+ 190.5 98.0 190.5 89.5 2 1
+ 190.5 89.5 190.5 58.0 4 2
+ 190.5 58.0 145.0 58.0 3 2
Net 33
+ 135.0 94.0 101.0 94.0 1 2
+ 101.0 94.0 101.0 51.5 2 1
+ 101.0 51.5 135.0 51.5 3 2
+ 135.0 51.5 135.0 54.0 2 1
Net 34
+ 135.0 96.0 100.5 96.0 1 1
+ 100.5 96.0 100.5 51.0 2 2
+ 100.5 51.0 134.5 51.0 1 2
+ 134.5 51.0 134.5 56.0 2 2
+ 134.5 56.0 135.0 56.0 1 1
Net 35
+ 122.0 95.0 103.0 95.0 1 1
+ 103.0 95.0 103.0 90.5 2 2
+ 103.0 90.5 101.5 90.5 3 1
+ 101.5 90.5 101.5 51.0 4 1
+ 101.5 51.0 122.0 51.0 3 1
+ 122.0 51.0 122.0 55.0 2 1
Net 36
+ 128.0 95.0 123.0 95.0 1 1
+ 123.0 95.0 123.0 91.0 2 2
+ 123.0 91.0 101.0 91.0 3 2
+ 101.0 91.0 101.0 50.5 4 2
+ 101.0 50.5 128.0 50.5 3 2
+ 128.0 50.5 128.0 55.0 2 2
Net 49
+ 162.0 42.0 190.5 42.0 1 1
+ 190.5 42.0 190.5 19.5 2 1
+ 190.5 19.5 190.5 2.0 4 2
+ 190.5 2.0 162.0 2.0 3 2
Net 50
+ 164.0 44.0 192.0 44.0 1 2
+ 192.0 44.0 192.0 4.0 2 2
+ 192.0 4.0 164.0 4.0 1 2
Net 51
+ 166.0 46.0 191.5 46.0 1 2
+ 191.5 46.0 191.5 19.5 2 1
+ 191.5 19.5 191.0 19.5 3 1
+ 191.0 19.5 191.0 6.0 4 1
+ 191.0 6.0 166.0 6.0 3 1
Net 52
+ 175.0 45.0 191.0 45.0 1 1
+ 191.0 45.0 191.0 20.0 2 2
+ 191.0 20.0 191.5 20.0 3 2
+ 191.5 20.0 191.5 5.0 4 2
+ 191.5 5.0 175.0 5.0 3 2
Net 53
+ 177.0 47.0 190.0 47.0 1 2
+ 190.0 47.0 190.0 40.5 2 2
+ 190.0 40.5 192.0 40.5 3 2
+ 192.0 40.5 192.0 7.0 4 1
+ 192.0 7.0 177.0 7.0 3 2
Net 54
+ 179.0 49.0 192.5 49.0 1 2
+ 192.5 49.0 192.5 27.5 2 1
+ 192.5 27.5 192.5 9.0 4 2
+ 192.5 9.0 179.0 9.0 3 2
Net 55
+ 38.0 92.0 9.5 92.0 1 2
+ 9.5 92.0 9.5 89.5 2 1
+ 9.5 89.5 9.5 52.0 4 1
+ 9.5 52.0 38.0 52.0 3 1
Net 56
+ 36.0 94.0 8.0 94.0 1 2
+ 8.0 94.0 8.0 54.0 2 2
+ 8.0 54.0 36.0 54.0 1 1
Net 57
+ 34.0 96.0 8.5 96.0 1 1
+ 8.5 96.0 8.5 89.5 2 1
+ 8.5 89.5 9.0 89.5 3 1
+ 9.0 89.5 9.0 56.0 4 2
+ 9.0 56.0 34.0 56.0 3 2
Net 58
+ 25.0 95.0 9.0 95.0 1 1
+ 9.0 95.0 9.0 90.0 2 2
+ 9.0 90.0 8.5 90.0 3 2
+ 8.5 90.0 8.5 55.0 4 1
+ 8.5 55.0 25.0 55.0 3 2
Net 59
+ 23.0 97.0 7.5 97.0 1 2
+ 7.5 97.0 7.5 77.5 2 1
+ 7.5 77.5 9.5 77.5 1 2
+ 9.5 77.5 9.5 57.0 2 1
+ 9.5 57.0 23.0 57.0 1 1
Net 60
+ 21.0 99.0 10.0 99.0 1 1
+ 10.0 99.0 10.0 90.5 2 2
+ 10.0 90.5 8.0 90.5 3 1
+ 8.0 90.5 8.0 59.0 4 2
+ 8.0 59.0 21.0 59.0 3 2
Net 29
+ 78.0 45.0 79.0 45.0 1 1
+ 79.0 45.0 79.0 47.0 2 2
+ 79.0 47.0 97.0 47.0 3 1
+ 97.0 47.0 97.0 5.0 4 1
+ 97.0 5.0 72.0 5.0 3 2
Net 30
+ 72.0 45.0 77.0 45.0 1 1
+ 77.0 45.0 77.0 47.0 2 2
+ 77.0 47.0 97.5 47.0 1 2
+ 97.5 47.0 97.5 5.5 2 1
+ 97.5 5.5 78.0 5.5 1 1
+ 78.0 5.5 78.0 5.0 2 2
Net 67
+ 98.0 95.0 92.0 95.0 1 1
+ 102.0 5.0 102.0 9.5 2 1
+ 102.0 9.5 98.0 9.5 1 1
+ 98.0 9.5 98.0 95.0 2 2
+ 108.0 5.0 102.0 5.0 1 2
Net 68
+ 98.0 5.0 92.0 5.0 1 2
+ 102.0 95.0 102.0 90.5 2 1
+ 102.0 90.5 98.5 90.5 1 2
+ 98.5 90.5 98.5 5.0 2 1
+ 98.5 5.0 98.0 5.0 1 2
+ 108.0 95.0 102.0 95.0 3 2
Net 19
+ 55.0 92.0 96.5 92.0 1 2
+ 96.5 92.0 96.5 51.5 2 1
+ 96.5 51.5 55.0 51.5 1 1
+ 55.0 51.5 55.0 52.0 2 2
Net 20
+ 55.0 98.0 7.0 98.0 1 2
+ 7.0 98.0 7.0 78.0 2 2
+ 7.0 78.0 9.0 78.0 1 1
+ 9.0 78.0 9.0 58.0 2 2
+ 9.0 58.0 55.0 58.0 1 1
Net 21
+ 65.0 94.0 97.0 94.0 1 2
+ 97.0 94.0 97.0 51.5 2 2
+ 97.0 51.5 65.0 51.5 3 2
+ 65.0 51.5 65.0 54.0 2 2
Net 22
+ 65.0 96.0 96.0 96.0 1 1
+ 96.0 96.0 96.0 90.5 2 2
+ 96.0 90.5 96.5 90.5 3 1
+ 96.5 90.5 96.5 51.0 4 2
+ 96.5 51.0 65.5 51.0 3 1
+ 65.5 51.0 65.5 56.0 2 1
+ 65.5 56.0 65.0 56.0 1 1
Net 23
+ 72.0 95.0 72.0 90.5 2 2
+ 72.0 90.5 97.5 90.5 1 2
+ 97.5 90.5 97.5 51.0 2 1
+ 97.5 51.0 72.0 51.0 1 2
+ 72.0 51.0 72.0 55.0 2 2
Net 24
+ 78.0 95.0 91.0 95.0 1 1
+ 91.0 95.0 91.0 91.0 2 2
+ 91.0 91.0 97.0 91.0 3 2
+ 97.0 91.0 97.0 50.5 4 1
+ 97.0 50.5 78.0 50.5 3 2
+ 78.0 50.5 78.0 55.0 2 2
Net 37
+ 145.0 48.0 101.0 48.0 1 2
+ 101.0 48.0 101.0 2.0 2 1
+ 101.0 2.0 145.0 2.0 1 1
Net 38
+ 145.0 42.0 134.5 42.0 1 1
+ 134.5 42.0 134.5 46.5 2 2
+ 134.5 46.5 101.5 46.5 1 1
+ 101.5 46.5 101.5 8.0 2 2
+ 101.5 8.0 145.0 8.0 1 2
Net 39
+ 135.0 46.0 120.5 46.0 1 2
+ 120.5 46.0 120.5 46.5 2 2
+ 120.5 46.5 101.5 46.5 3 2
+ 101.5 46.5 101.5 4.0 4 1
+ 101.5 4.0 135.0 4.0 3 1
Net 40
+ 135.0 44.0 135.0 47.0 2 1
+ 135.0 47.0 100.5 47.0 1 2
+ 100.5 47.0 100.5 6.0 2 2
+ 100.5 6.0 135.0 6.0 1 2
Net 43
+ 162.0 92.0 192.0 92.0 1 2
+ 192.0 92.0 192.0 52.0 2 2
+ 192.0 52.0 162.0 52.0 1 1
Net 44
+ 164.0 94.0 191.5 94.0 1 2
+ 191.5 94.0 191.5 89.5 2 1
+ 191.5 89.5 191.0 89.5 3 1
+ 191.0 89.5 191.0 54.0 4 1
+ 191.0 54.0 164.0 54.0 3 2
Net 45
+ 166.0 96.0 191.0 96.0 1 1
+ 191.0 96.0 191.0 90.0 2 2
+ 191.0 90.0 191.5 90.0 3 2
+ 191.5 90.0 191.5 56.0 4 2
+ 191.5 56.0 166.0 56.0 3 2
Net 46
+ 175.0 95.0 192.5 95.0 1 1
+ 192.5 95.0 192.5 77.5 2 1
+ 192.5 77.5 190.5 77.5 1 2
+ 190.5 77.5 190.5 55.0 2 1
+ 190.5 55.0 175.0 55.0 1 1
Net 47
+ 177.0 97.0 190.0 97.0 1 2
+ 190.0 97.0 190.0 90.5 2 2
+ 190.0 90.5 192.0 90.5 3 1
+ 192.0 90.5 192.0 57.0 4 1
+ 192.0 57.0 177.0 57.0 3 2
Net 48
+ 179.0 99.0 193.0 99.0 1 1
+ 193.0 99.0 193.0 78.0 2 2
+ 193.0 78.0 191.0 78.0 1 1
+ 191.0 78.0 191.0 59.0 2 2
+ 191.0 59.0 179.0 59.0 1 2
Net 61
+ 38.0 42.0 8.0 42.0 1 1
+ 8.0 42.0 8.0 2.0 2 2
+ 8.0 2.0 38.0 2.0 1 1
Net 62
+ 36.0 44.0 9.5 44.0 1 2
+ 9.5 44.0 9.5 19.5 2 1
+ 9.5 19.5 9.0 19.5 3 1
+ 9.0 19.5 9.0 4.0 4 2
+ 9.0 4.0 36.0 4.0 3 1
Net 63
+ 34.0 46.0 8.5 46.0 1 2
+ 8.5 46.0 8.5 20.0 2 1
+ 8.5 20.0 8.5 6.0 4 1
+ 8.5 6.0 34.0 6.0 3 1
Net 64
+ 25.0 45.0 9.0 45.0 1 1
+ 9.0 45.0 9.0 20.0 2 2
+ 9.0 20.0 7.5 20.0 1 1
+ 7.5 20.0 7.5 5.0 2 1
+ 7.5 5.0 25.0 5.0 1 2
Net 65
+ 23.0 47.0 10.0 47.0 1 2
+ 10.0 47.0 10.0 41.0 2 2
+ 10.0 41.0 8.0 41.0 3 1
+ 8.0 41.0 8.0 7.0 4 2
+ 8.0 7.0 23.0 7.0 3 2
Net 66
+ 21.0 49.0 7.5 49.0 1 2
+ 7.5 49.0 7.5 27.5 2 1
+ 7.5 27.5 7.5 9.0 4 1
+ 7.5 9.0 21.0 9.0 3 2
Net 41
+ 128.0 45.0 123.0 45.0 1 1
+ 123.0 45.0 123.0 47.0 2 2
+ 123.0 47.0 101.0 47.0 3 1
+ 101.0 47.0 101.0 5.0 4 2
+ 101.0 5.0 122.0 5.0 3 2
Net 42
+ 122.0 45.0 121.0 45.0 1 1
+ 121.0 45.0 121.0 47.5 2 1
+ 121.0 47.5 100.5 47.5 3 2
+ 100.5 47.5 100.5 5.5 4 1
+ 100.5 5.5 128.0 5.5 3 1
+ 128.0 5.5 128.0 5.0 2 2
Net 9
+ 195.0 35.0 195.0 50.5 2 2
+ 195.0 50.5 5.0 50.5 1 1
+ 5.0 50.5 5.0 65.0 2 2
Net 10
+ 195.0 65.0 195.0 52.0 2 2
+ 195.0 52.0 120.5 52.0 3 1
+ 120.5 52.0 120.5 48.0 2 2
+ 120.5 48.0 5.0 48.0 3 1
+ 5.0 48.0 5.0 35.0 2 2
Net 5
+ 193.0 23.0 193.0 26.0 2 2
+ 193.0 26.0 190.5 26.0 3 2
+ 190.5 26.0 190.5 50.0 4 2
+ 190.5 50.0 3.0 50.0 3 1
+ 3.0 50.0 3.0 73.0 2 2
Net 6
+ 193.0 27.0 193.0 49.5 2 2
+ 193.0 49.5 3.0 49.5 3 2
+ 3.0 49.5 3.0 77.0 4 2
Net 7
+ 197.0 23.0 197.0 26.0 2 1
+ 197.0 26.0 194.0 26.0 1 1
+ 194.0 26.0 194.0 50.0 2 2
+ 194.0 50.0 7.0 50.0 1 2
+ 7.0 50.0 7.0 73.0 2 2
Net 8
+ 197.0 27.0 197.0 49.0 2 1
+ 197.0 49.0 7.0 49.0 3 1
+ 7.0 49.0 7.0 77.0 4 2
Net 11
+ 193.0 73.0 193.0 52.5 2 2
+ 193.0 52.5 120.5 52.5 3 2
+ 120.5 52.5 120.5 48.5 4 2
+ 120.5 48.5 3.0 48.5 3 2
+ 3.0 48.5 3.0 23.0 4 2
Net 12
+ 193.0 77.0 193.0 74.0 2 2
+ 193.0 74.0 191.5 74.0 1 2
+ 191.5 74.0 191.5 53.0 2 1
+ 191.5 53.0 121.0 53.0 1 2
+ 121.0 53.0 121.0 49.5 2 1
+ 121.0 49.5 21.5 49.5 1 1
+ 21.5 49.5 21.5 40.5 2 2
+ 21.5 40.5 3.0 40.5 1 1
+ 3.0 40.5 3.0 27.0 2 2
Net 13
+ 197.0 73.0 197.0 53.0 2 1
+ 197.0 53.0 121.5 53.0 3 1
+ 121.5 53.0 121.5 49.0 2 2
+ 121.5 49.0 22.0 49.0 1 2
+ 22.0 49.0 22.0 41.5 2 1
+ 22.0 41.5 7.0 41.5 3 2
+ 7.0 41.5 7.0 23.0 4 2
Net 14
+ 197.0 77.0 197.0 74.0 2 1
+ 197.0 74.0 192.5 74.0 3 2
+ 192.5 74.0 192.5 48.0 4 2
+ 192.5 48.0 121.5 48.0 3 1
+ 121.5 48.0 121.5 47.5 2 2
+ 121.5 47.5 55.5 47.5 1 1
+ 55.5 47.5 55.5 41.0 2 1
+ 55.5 41.0 7.0 41.0 1 2
+ 7.0 41.0 7.0 27.0 2 2
Net 1
+ 191.0 11.0 191.0 9.5 2 2
+ 191.0 9.5 1.0 9.5 3 1
+ 1.0 9.5 1.0 81.0 4 1
Net 2
+ 191.0 19.0 193.0 19.0 3 2
+ 193.0 19.0 193.0 48.5 4 1
+ 193.0 48.5 122.0 48.5 3 2
+ 122.0 48.5 55.5 48.5 1 1
+ 55.5 48.5 55.5 59.5 2 1
+ 55.5 59.5 1.5 59.5 3 1
+ 1.5 59.5 1.5 89.0 4 2
+ 1.5 89.0 1.0 89.0 3 2
Net 3
+ 199.0 11.0 199.0 8.5 2 2
+ 199.0 8.5 97.5 8.5 3 1
+ 97.5 8.5 97.5 47.5 4 2
+ 97.5 47.5 8.5 47.5 3 2
+ 8.5 47.5 8.5 81.0 2 1
+ 8.5 81.0 9.0 81.0 1 2
Net 4
+ 199.0 19.0 199.0 80.0 2 2
+ 199.0 80.0 193.5 80.0 1 2
+ 193.5 80.0 193.5 91.0 2 1
+ 193.5 91.0 10.5 91.0 1 1
+ 10.5 91.0 7.5 91.0 3 2
+ 7.5 91.0 7.5 89.0 4 1
+ 7.5 89.0 9.0 89.0 3 2
Net 15
+ 191.0 81.0 191.0 79.0 2 2
+ 191.0 79.0 193.5 79.0 3 2
+ 193.5 79.0 193.5 7.5 4 2
+ 193.5 7.5 1.0 7.5 3 1
+ 1.0 7.5 1.0 11.0 2 2
Net 16
+ 191.0 89.0 192.5 89.0 3 2
+ 192.5 89.0 192.5 91.5 4 2
+ 192.5 91.5 2.0 91.5 3 1
+ 2.0 91.5 2.0 19.0 2 2
+ 2.0 19.0 1.0 19.0 1 1
Net 17
+ 199.0 81.0 199.0 80.5 2 2
+ 199.0 80.5 194.0 80.5 3 2
+ 194.0 80.5 194.0 8.0 4 1
+ 194.0 8.0 56.0 8.0 3 2
+ 56.0 8.0 56.0 8.5 2 2
+ 56.0 8.5 9.0 8.5 3 1
+ 9.0 8.5 9.0 11.0 2 2
Net 18
+ 199.0 89.0 199.0 92.0 2 2
+ 199.0 92.0 6.5 92.0 3 2
+ 6.5 92.0 6.5 19.0 4 1
+ 6.5 19.0 9.0 19.0 3 2
