Net 30
+ 66.0 20.0 66.0 49.0 2 2
+ 66.0 49.0 66.0 80.0 4 2
Net 31
+ 68.0 20.0 68.0 49.0 2 1
+ 68.0 49.0 68.0 80.0 4 1
Net 32
+ 68.0 38.0 38.0 38.0 1 1
+ 68.0 68.0 68.0 51.0 2 1
+ 68.0 51.0 67.0 51.0 1 2
+ 67.0 51.0 67.0 38.0 2 2
Net 33
+ 32.0 68.0 32.0 51.0 2 1
+ 32.0 51.0 32.0 32.0 4 1
+ 66.0 66.0 32.0 66.0 1 1
Net 25
+ 34.0 50.0 34.0 20.0 2 2
+ 34.0 80.0 34.0 50.0 2 2
+ 66.0 50.0 66.0 60.5 2 2
+ 66.0 60.5 34.0 60.5 1 2
Net 24
+ 32.0 50.0 32.0 33.0 2 1
+ 32.0 33.0 32.5 33.0 3 1
+ 32.5 33.0 32.5 20.0 4 2
+ 32.5 20.0 32.0 20.0 3 1
+ 32.0 80.0 32.0 69.0 2 1
+ 32.0 69.0 32.5 69.0 3 1
+ 32.5 69.0 32.5 50.0 4 2
+ 32.5 50.0 32.0 50.0 3 1
+ 68.0 50.0 60.5 50.0 1 2
+ 60.5 50.0 60.5 60.5 2 1
+ 60.5 60.5 32.5 60.5 3 1
Net 2
+ 75.0 35.0 79.0 35.0 1 2
+ 79.0 35.0 79.0 39.5 2 2
+ 79.0 39.5 95.0 39.5 1 1
+ 95.0 39.5 95.0 50.0 2 2
+ 75.0 5.0 69.5 5.0 1 2
+ 69.5 5.0 69.5 35.0 2 1
+ 69.5 35.0 75.0 35.0 1 2
+ 45.0 35.0 49.0 35.0 1 2
+ 49.0 35.0 69.5 35.0 3 2
+ 0.0 0.0 39.5 0.0 1 1
+ 39.5 0.0 39.5 35.0 2 2
+ 39.5 35.0 45.0 35.0 1 2
+ 45.0 65.0 39.5 65.0 1 2
+ 39.5 65.0 39.5 35.0 2 2
+ 45.0 5.0 39.5 5.0 1 2
+ 15.0 35.0 19.0 35.0 1 2
+ 19.0 35.0 39.5 35.0 3 2
+ 75.0 65.0 69.5 65.0 1 2
+ 69.5 65.0 69.5 35.0 2 1
+ 15.0 5.0 19.0 5.0 1 2
+ 19.0 5.0 39.5 5.0 3 1
+ 15.0 65.0 9.5 65.0 1 2
+ 9.5 65.0 9.5 35.0 2 2
+ 9.5 35.0 15.0 35.0 1 2
Net 3
+ 25.0 35.0 25.0 39.5 2 1
+ 25.0 39.5 5.0 39.5 1 1
+ 5.0 39.5 5.0 50.0 2 1
+ 25.0 5.0 25.0 9.5 2 1
+ 25.0 9.5 30.5 9.5 1 1
+ 30.5 9.5 30.5 35.0 2 1
+ 30.5 35.0 25.0 35.0 1 2
+ 55.0 35.0 55.0 34.5 2 2
+ 55.0 34.5 30.5 34.5 3 1
+ 0.0 0.0 0.0 9.5 2 1
+ 0.0 9.5 25.0 9.5 1 1
+ 55.0 65.0 55.0 61.0 2 2
+ 55.0 61.0 9.0 61.0 1 1
+ 9.0 61.0 9.0 39.5 2 1
+ 55.0 5.0 55.0 9.5 2 2
+ 55.0 9.5 60.5 9.5 1 1
+ 60.5 9.5 60.5 34.5 2 1
+ 60.5 34.5 55.0 34.5 3 1
+ 85.0 35.0 85.0 34.5 2 2
+ 85.0 34.5 60.5 34.5 3 1
+ 25.0 65.0 25.0 61.0 2 1
+ 85.0 65.0 55.0 65.0 3 2
+ 85.0 5.0 55.0 5.0 3 1
Net 1
+ 50.0 65.0 60.5 65.0 1 2
+ 60.5 65.0 60.5 95.0 2 1
+ 60.5 95.0 50.0 95.0 1 2
+ 50.0 35.0 61.0 35.0 1 2
+ 61.0 35.0 61.0 65.0 2 2
+ 61.0 65.0 60.5 65.0 1 2
+ 20.0 65.0 38.5 65.0 1 2
+ 38.5 65.0 50.0 65.0 3 2
+ 80.0 65.0 76.0 65.0 1 2
+ 76.0 65.0 76.0 64.5 2 2
+ 76.0 64.5 61.0 64.5 3 1
+ 20.0 35.0 24.0 35.0 1 2
+ 24.0 35.0 24.0 39.5 2 1
+ 24.0 39.5 30.5 39.5 3 1
+ 30.5 39.5 30.5 65.0 2 1
+ 80.0 35.0 90.5 35.0 1 2
+ 90.5 35.0 90.5 65.0 2 2
+ 90.5 65.0 80.0 65.0 1 2
+ 20.0 5.0 31.0 5.0 1 2
+ 31.0 5.0 31.0 35.5 2 2
+ 31.0 35.5 24.0 35.5 1 1
+ 50.0 5.0 61.0 5.0 1 2
+ 61.0 5.0 61.0 35.0 2 2
+ 80.0 5.0 90.5 5.0 1 2
+ 90.5 5.0 90.5 35.0 2 2
Net 26
+ 36.0 20.0 36.0 49.0 2 1
+ 36.0 49.0 36.0 80.0 4 1
Net 27
+ 38.0 20.0 38.0 49.0 2 2
+ 38.0 49.0 38.0 80.0 4 1
Net 28
+ 62.0 50.0 62.0 20.0 2 2
+ 36.0 50.0 36.0 61.0 2 1
+ 36.0 61.0 62.0 61.0 3 2
+ 62.0 61.0 62.0 50.0 2 2
+ 62.0 80.0 62.0 61.0 2 2
Net 29
+ 64.0 50.0 64.0 20.0 2 2
+ 38.0 50.0 38.0 49.5 2 2
+ 38.0 49.5 39.5 49.5 3 1
+ 39.5 49.5 39.5 39.5 4 2
+ 39.5 39.5 64.0 39.5 3 1
+ 64.0 80.0 64.0 50.0 2 2
Net 13
+ 15.0 7.0 69.0 7.0 1 1
+ 69.0 7.0 69.0 95.0 2 2
+ 69.0 95.0 85.0 95.0 1 2
Net 23
+ 15.0 95.0 15.0 90.5 2 1
+ 15.0 90.5 94.0 90.5 3 1
+ 94.0 90.5 94.0 15.0 2 1
+ 94.0 15.0 95.0 15.0 1 2
Net 14
+ 1.0 91.0 65.0 91.0 1 2
+ 65.0 91.0 65.0 9.0 2 1
+ 65.0 9.0 99.0 9.0 1 2
Net 22
+ 9.0 99.0 91.0 99.0 1 2
+ 91.0 99.0 91.0 1.0 2 1
Net 15
+ 2.0 92.0 63.0 92.0 1 1
+ 63.0 92.0 63.0 8.0 2 1
+ 63.0 8.0 98.0 8.0 1 2
Net 21
+ 8.0 98.0 92.0 98.0 1 1
+ 92.0 98.0 92.0 2.0 2 1
Net 16
+ 3.0 93.0 91.5 93.0 1 2
+ 91.5 93.0 91.5 7.0 2 2
+ 91.5 7.0 97.0 7.0 1 1
Net 20
+ 7.0 97.0 93.0 97.0 1 2
+ 93.0 97.0 93.0 3.0 2 1
Net 17
+ 4.0 94.0 92.5 94.0 1 1
+ 92.5 94.0 92.5 6.0 2 2
+ 92.5 6.0 96.0 6.0 1 1
Net 19
+ 6.0 96.0 93.5 96.0 1 1
+ 93.5 96.0 93.5 4.0 2 2
+ 93.5 4.0 94.0 4.0 1 2
Net 4
+ 1.0 1.0 1.0 91.0 2 1
+ 1.0 91.0 90.5 91.0 3 2
+ 90.5 91.0 91.0 91.0 1 2
Net 5
+ 2.0 2.0 2.0 92.0 2 2
+ 2.0 92.0 90.5 92.0 3 1
+ 90.5 92.0 92.0 92.0 1 1
Net 6
+ 3.0 3.0 3.0 93.0 2 1
+ 3.0 93.0 94.0 93.0 3 2
+ 94.0 93.0 93.0 93.0 1 2
Net 7
+ 4.0 4.0 4.0 94.0 2 2
+ 4.0 94.0 94.0 94.0 3 1
Net 8
+ 5.0 5.0 5.0 38.5 2 1
+ 5.0 38.5 95.0 38.5 3 2
+ 95.0 38.5 95.0 95.0 4 2
Net 9
+ 6.0 6.0 6.0 96.0 2 2
+ 6.0 96.0 96.0 96.0 3 2
Net 10
+ 7.0 7.0 7.0 97.0 2 1
+ 7.0 97.0 97.0 97.0 3 1
Net 11
+ 8.0 8.0 8.0 98.0 2 2
+ 8.0 98.0 98.0 98.0 3 2
Net 12
+ 9.0 9.0 9.0 38.0 2 1
+ 9.0 38.0 99.0 38.0 3 1
+ 99.0 38.0 99.0 99.0 2 2
Net 18
+ 5.0 95.0 39.0 95.0 1 2
+ 39.0 95.0 39.0 5.5 2 1
+ 39.0 5.5 95.0 5.5 3 2
+ 95.0 5.5 95.0 5.0 2 2
